<?xml version="1.0" encoding="UTF-8"?>
<testsuite name="com.lyugge.alpha_task.Services.unit.CurrencyServiceTest" tests="3" skipped="0" failures="0" errors="0" timestamp="2022-06-01T14:03:07" hostname="LAPTOP-JQMPI2V3" time="0.493">
  <properties/>
  <testcase name="shouldCorrectlyReturnGifUrlTest()" classname="com.lyugge.alpha_task.Services.unit.CurrencyServiceTest" time="0.486"/>
  <testcase name="shouldCorrectlyReturnGifUrlTest1()" classname="com.lyugge.alpha_task.Services.unit.CurrencyServiceTest" time="0.003"/>
  <testcase name="shouldCorrectlyReturnGifUrlTest2()" classname="com.lyugge.alpha_task.Services.unit.CurrencyServiceTest" time="0.003"/>
  <system-out><![CDATA[]]></system-out>
  <system-err><![CDATA[]]></system-err>
</testsuite>
